[0.035s] Invoking command in '/home/user/ros2_ws/build/cart_pole_controller': CMAKE_PREFIX_PATH=${CMAKE_PREFIX_PATH}:/home/user/ros2_ws/install/gazebo_polecart_ros:/opt/ros/humble /usr/bin/cmake --build /home/user/ros2_ws/build/cart_pole_controller -- -j4 -l4
[0.214s] [ 50%] [32mBuilding CXX object CMakeFiles/controller.dir/src/controller.cpp.o[0m
[23.163s] [100%] [32m[1mLinking CXX executable controller[0m
[24.465s] [100%] Built target controller
[24.497s] Invoked command in '/home/user/ros2_ws/build/cart_pole_controller' returned '0': CMAKE_PREFIX_PATH=${CMAKE_PREFIX_PATH}:/home/user/ros2_ws/install/gazebo_polecart_ros:/opt/ros/humble /usr/bin/cmake --build /home/user/ros2_ws/build/cart_pole_controller -- -j4 -l4
[24.614s] Invoking command in '/home/user/ros2_ws/build/cart_pole_controller': CMAKE_PREFIX_PATH=${CMAKE_PREFIX_PATH}:/home/user/ros2_ws/install/gazebo_polecart_ros:/opt/ros/humble /usr/bin/cmake --install /home/user/ros2_ws/build/cart_pole_controller
[24.642s] -- Install configuration: ""
[24.643s] -- Installing: /home/user/ros2_ws/install/cart_pole_controller/lib/cart_pole_controller/controller
[24.659s] -- Set runtime path of "/home/user/ros2_ws/install/cart_pole_controller/lib/cart_pole_controller/controller" to ""
[24.660s] -- Up-to-date: /home/user/ros2_ws/install/cart_pole_controller/share/ament_index/resource_index/package_run_dependencies/cart_pole_controller
[24.660s] -- Up-to-date: /home/user/ros2_ws/install/cart_pole_controller/share/ament_index/resource_index/parent_prefix_path/cart_pole_controller
[24.661s] -- Up-to-date: /home/user/ros2_ws/install/cart_pole_controller/share/cart_pole_controller/environment/ament_prefix_path.sh
[24.661s] -- Up-to-date: /home/user/ros2_ws/install/cart_pole_controller/share/cart_pole_controller/environment/ament_prefix_path.dsv
[24.662s] -- Up-to-date: /home/user/ros2_ws/install/cart_pole_controller/share/cart_pole_controller/environment/path.sh
[24.662s] -- Up-to-date: /home/user/ros2_ws/install/cart_pole_controller/share/cart_pole_controller/environment/path.dsv
[24.663s] -- Up-to-date: /home/user/ros2_ws/install/cart_pole_controller/share/cart_pole_controller/local_setup.bash
[24.663s] -- Up-to-date: /home/user/ros2_ws/install/cart_pole_controller/share/cart_pole_controller/local_setup.sh
[24.664s] -- Up-to-date: /home/user/ros2_ws/install/cart_pole_controller/share/cart_pole_controller/local_setup.zsh
[24.664s] -- Up-to-date: /home/user/ros2_ws/install/cart_pole_controller/share/cart_pole_controller/local_setup.dsv
[24.664s] -- Installing: /home/user/ros2_ws/install/cart_pole_controller/share/cart_pole_controller/package.dsv
[24.665s] -- Up-to-date: /home/user/ros2_ws/install/cart_pole_controller/share/ament_index/resource_index/packages/cart_pole_controller
[24.665s] -- Up-to-date: /home/user/ros2_ws/install/cart_pole_controller/share/cart_pole_controller/cmake/cart_pole_controllerConfig.cmake
[24.665s] -- Up-to-date: /home/user/ros2_ws/install/cart_pole_controller/share/cart_pole_controller/cmake/cart_pole_controllerConfig-version.cmake
[24.666s] -- Up-to-date: /home/user/ros2_ws/install/cart_pole_controller/share/cart_pole_controller/package.xml
[24.669s] Invoked command in '/home/user/ros2_ws/build/cart_pole_controller' returned '0': CMAKE_PREFIX_PATH=${CMAKE_PREFIX_PATH}:/home/user/ros2_ws/install/gazebo_polecart_ros:/opt/ros/humble /usr/bin/cmake --install /home/user/ros2_ws/build/cart_pole_controller
