[0.020s] Invoking command in '/home/user/ros2_ws/build/cart_pole_description': CMAKE_PREFIX_PATH=${CMAKE_PREFIX_PATH}:/opt/ros/humble /usr/bin/cmake --build /home/user/ros2_ws/build/cart_pole_description -- -j4 -l4
[0.071s] -- Found ament_cmake: 1.3.8 (/opt/ros/humble/share/ament_cmake/cmake)
[0.482s] -- Configuring done
[0.490s] -- Generating done
[0.492s] -- Build files have been written to: /home/user/ros2_ws/build/cart_pole_description
[0.552s] Invoked command in '/home/user/ros2_ws/build/cart_pole_description' returned '0': CMAKE_PREFIX_PATH=${CMAKE_PREFIX_PATH}:/opt/ros/humble /usr/bin/cmake --build /home/user/ros2_ws/build/cart_pole_description -- -j4 -l4
[0.630s] Invoking command in '/home/user/ros2_ws/build/cart_pole_description': CMAKE_PREFIX_PATH=${CMAKE_PREFIX_PATH}:/opt/ros/humble /usr/bin/cmake --install /home/user/ros2_ws/build/cart_pole_description
[0.641s] -- Install configuration: ""
[0.642s] -- Up-to-date: /home/user/ros2_ws/install/cart_pole_description/share/cart_pole_description/
[0.642s] -- Installing: /home/user/ros2_ws/install/cart_pole_description/share/cart_pole_description//display.launch.py
[0.642s] -- Up-to-date: /home/user/ros2_ws/install/cart_pole_description/share/cart_pole_description/
[0.642s] -- Installing: /home/user/ros2_ws/install/cart_pole_description/share/cart_pole_description//cart_pole.urdf
[0.642s] -- Up-to-date: /home/user/ros2_ws/install/cart_pole_description/share/ament_index/resource_index/package_run_dependencies/cart_pole_description
[0.643s] -- Installing: /home/user/ros2_ws/install/cart_pole_description/share/ament_index/resource_index/parent_prefix_path/cart_pole_description
[0.643s] -- Up-to-date: /home/user/ros2_ws/install/cart_pole_description/share/cart_pole_description/environment/ament_prefix_path.sh
[0.643s] -- Installing: /home/user/ros2_ws/install/cart_pole_description/share/cart_pole_description/environment/ament_prefix_path.dsv
[0.643s] -- Up-to-date: /home/user/ros2_ws/install/cart_pole_description/share/cart_pole_description/environment/path.sh
[0.644s] -- Installing: /home/user/ros2_ws/install/cart_pole_description/share/cart_pole_description/environment/path.dsv
[0.644s] -- Up-to-date: /home/user/ros2_ws/install/cart_pole_description/share/cart_pole_description/local_setup.bash
[0.644s] -- Up-to-date: /home/user/ros2_ws/install/cart_pole_description/share/cart_pole_description/local_setup.sh
[0.645s] -- Up-to-date: /home/user/ros2_ws/install/cart_pole_description/share/cart_pole_description/local_setup.zsh
[0.645s] -- Installing: /home/user/ros2_ws/install/cart_pole_description/share/cart_pole_description/local_setup.dsv
[0.646s] -- Installing: /home/user/ros2_ws/install/cart_pole_description/share/cart_pole_description/package.dsv
[0.648s] -- Up-to-date: /home/user/ros2_ws/install/cart_pole_description/share/ament_index/resource_index/packages/cart_pole_description
[0.649s] -- Up-to-date: /home/user/ros2_ws/install/cart_pole_description/share/cart_pole_description/cmake/cart_pole_descriptionConfig.cmake
[0.649s] -- Up-to-date: /home/user/ros2_ws/install/cart_pole_description/share/cart_pole_description/cmake/cart_pole_descriptionConfig-version.cmake
[0.649s] -- Up-to-date: /home/user/ros2_ws/install/cart_pole_description/share/cart_pole_description/package.xml
[0.653s] Invoked command in '/home/user/ros2_ws/build/cart_pole_description' returned '0': CMAKE_PREFIX_PATH=${CMAKE_PREFIX_PATH}:/opt/ros/humble /usr/bin/cmake --install /home/user/ros2_ws/build/cart_pole_description
