[2.110s] Invoking command in '/home/user/ros2_ws/src/gazebo_polecart_ros': PYTHONPATH=/home/user/ros2_ws/build/gazebo_polecart_ros/prefix_override:/home/user/ros2_ws/install/gazebo_polecart_ros/lib/python3.10/site-packages:${PYTHONPATH} /usr/bin/python3 -W ignore:setup.py install is deprecated setup.py egg_info --egg-base ../../build/gazebo_polecart_ros build --build-base /home/user/ros2_ws/build/gazebo_polecart_ros/build install --record /home/user/ros2_ws/build/gazebo_polecart_ros/install.log --single-version-externally-managed install_data
[2.972s] running egg_info
[2.975s] writing ../../build/gazebo_polecart_ros/gazebo_polecart_ros.egg-info/PKG-INFO
[2.976s] writing dependency_links to ../../build/gazebo_polecart_ros/gazebo_polecart_ros.egg-info/dependency_links.txt
[2.977s] writing entry points to ../../build/gazebo_polecart_ros/gazebo_polecart_ros.egg-info/entry_points.txt
[2.978s] writing requirements to ../../build/gazebo_polecart_ros/gazebo_polecart_ros.egg-info/requires.txt
[2.978s] writing top-level names to ../../build/gazebo_polecart_ros/gazebo_polecart_ros.egg-info/top_level.txt
[2.984s] reading manifest file '../../build/gazebo_polecart_ros/gazebo_polecart_ros.egg-info/SOURCES.txt'
[2.988s] writing manifest file '../../build/gazebo_polecart_ros/gazebo_polecart_ros.egg-info/SOURCES.txt'
[2.988s] running build
[2.988s] running build_py
[2.991s] running install
[2.993s] running install_lib
[2.997s] running install_data
[2.999s] running install_egg_info
[3.003s] removing '/home/user/ros2_ws/install/gazebo_polecart_ros/lib/python3.10/site-packages/gazebo_polecart_ros-0.0.0-py3.10.egg-info' (and everything under it)
[3.004s] Copying ../../build/gazebo_polecart_ros/gazebo_polecart_ros.egg-info to /home/user/ros2_ws/install/gazebo_polecart_ros/lib/python3.10/site-packages/gazebo_polecart_ros-0.0.0-py3.10.egg-info
[3.007s] running install_scripts
[3.112s] Installing gazebo_spawn script to /home/user/ros2_ws/install/gazebo_polecart_ros/lib/gazebo_polecart_ros
[3.114s] writing list of installed files to '/home/user/ros2_ws/build/gazebo_polecart_ros/install.log'
[3.185s] Invoked command in '/home/user/ros2_ws/src/gazebo_polecart_ros' returned '0': PYTHONPATH=/home/user/ros2_ws/build/gazebo_polecart_ros/prefix_override:/home/user/ros2_ws/install/gazebo_polecart_ros/lib/python3.10/site-packages:${PYTHONPATH} /usr/bin/python3 -W ignore:setup.py install is deprecated setup.py egg_info --egg-base ../../build/gazebo_polecart_ros build --build-base /home/user/ros2_ws/build/gazebo_polecart_ros/build install --record /home/user/ros2_ws/build/gazebo_polecart_ros/install.log --single-version-externally-managed install_data
