[0.218s] Invoking command in '/home/user/ros2_ws/build/cart_pole_controller': CMAKE_PREFIX_PATH=${CMAKE_PREFIX_PATH}:/home/user/ros2_ws/install/gazebo_polecart_ros:/opt/ros/humble /usr/bin/cmake --build /home/user/ros2_ws/build/cart_pole_controller -- -j4 -l4
[0.960s] [35m[1mConsolidate compiler generated dependencies of target controller[0m
[1.164s] [100%] Built target controller
[1.294s] Invoked command in '/home/user/ros2_ws/build/cart_pole_controller' returned '0': CMAKE_PREFIX_PATH=${CMAKE_PREFIX_PATH}:/home/user/ros2_ws/install/gazebo_polecart_ros:/opt/ros/humble /usr/bin/cmake --build /home/user/ros2_ws/build/cart_pole_controller -- -j4 -l4
[1.756s] Invoking command in '/home/user/ros2_ws/build/cart_pole_controller': CMAKE_PREFIX_PATH=${CMAKE_PREFIX_PATH}:/home/user/ros2_ws/install/gazebo_polecart_ros:/opt/ros/humble /usr/bin/cmake --install /home/user/ros2_ws/build/cart_pole_controller
[1.828s] -- Install configuration: ""
[1.830s] -- Up-to-date: /home/user/ros2_ws/install/cart_pole_controller/lib/cart_pole_controller/controller
[1.831s] -- Up-to-date: /home/user/ros2_ws/install/cart_pole_controller/share/ament_index/resource_index/package_run_dependencies/cart_pole_controller
[1.832s] -- Up-to-date: /home/user/ros2_ws/install/cart_pole_controller/share/ament_index/resource_index/parent_prefix_path/cart_pole_controller
[1.833s] -- Up-to-date: /home/user/ros2_ws/install/cart_pole_controller/share/cart_pole_controller/environment/ament_prefix_path.sh
[1.835s] -- Up-to-date: /home/user/ros2_ws/install/cart_pole_controller/share/cart_pole_controller/environment/ament_prefix_path.dsv
[1.837s] -- Up-to-date: /home/user/ros2_ws/install/cart_pole_controller/share/cart_pole_controller/environment/path.sh
[1.842s] -- Up-to-date: /home/user/ros2_ws/install/cart_pole_controller/share/cart_pole_controller/environment/path.dsv
[1.842s] -- Up-to-date: /home/user/ros2_ws/install/cart_pole_controller/share/cart_pole_controller/local_setup.bash
[1.843s] -- Up-to-date: /home/user/ros2_ws/install/cart_pole_controller/share/cart_pole_controller/local_setup.sh
[1.843s] -- Up-to-date: /home/user/ros2_ws/install/cart_pole_controller/share/cart_pole_controller/local_setup.zsh
[1.844s] -- Up-to-date: /home/user/ros2_ws/install/cart_pole_controller/share/cart_pole_controller/local_setup.dsv
[1.846s] -- Installing: /home/user/ros2_ws/install/cart_pole_controller/share/cart_pole_controller/package.dsv
[1.847s] -- Up-to-date: /home/user/ros2_ws/install/cart_pole_controller/share/ament_index/resource_index/packages/cart_pole_controller
[1.850s] -- Up-to-date: /home/user/ros2_ws/install/cart_pole_controller/share/cart_pole_controller/cmake/cart_pole_controllerConfig.cmake
[1.851s] -- Up-to-date: /home/user/ros2_ws/install/cart_pole_controller/share/cart_pole_controller/cmake/cart_pole_controllerConfig-version.cmake
[1.851s] -- Up-to-date: /home/user/ros2_ws/install/cart_pole_controller/share/cart_pole_controller/package.xml
[1.887s] Invoked command in '/home/user/ros2_ws/build/cart_pole_controller' returned '0': CMAKE_PREFIX_PATH=${CMAKE_PREFIX_PATH}:/home/user/ros2_ws/install/gazebo_polecart_ros:/opt/ros/humble /usr/bin/cmake --install /home/user/ros2_ws/build/cart_pole_controller
