[0.034s] Invoking command in '/home/user/ros2_ws/build/cart_pole_description': CMAKE_PREFIX_PATH=${CMAKE_PREFIX_PATH}:/opt/ros/humble /usr/bin/cmake --build /home/user/ros2_ws/build/cart_pole_description -- -j4 -l4
[0.600s] Invoked command in '/home/user/ros2_ws/build/cart_pole_description' returned '0': CMAKE_PREFIX_PATH=${CMAKE_PREFIX_PATH}:/opt/ros/humble /usr/bin/cmake --build /home/user/ros2_ws/build/cart_pole_description -- -j4 -l4
[0.653s] Invoking command in '/home/user/ros2_ws/build/cart_pole_description': CMAKE_PREFIX_PATH=${CMAKE_PREFIX_PATH}:/opt/ros/humble /usr/bin/cmake --install /home/user/ros2_ws/build/cart_pole_description
[0.669s] -- Install configuration: ""
[0.669s] -- Up-to-date: /home/user/ros2_ws/install/cart_pole_description/share/cart_pole_description/
[0.670s] -- Installing: /home/user/ros2_ws/install/cart_pole_description/share/cart_pole_description//display.launch.py
[0.672s] -- Up-to-date: /home/user/ros2_ws/install/cart_pole_description/share/cart_pole_description/
[0.672s] -- Up-to-date: /home/user/ros2_ws/install/cart_pole_description/share/cart_pole_description//cart_pole.urdf
[0.673s] -- Up-to-date: /home/user/ros2_ws/install/cart_pole_description/share/ament_index/resource_index/package_run_dependencies/cart_pole_description
[0.673s] -- Up-to-date: /home/user/ros2_ws/install/cart_pole_description/share/ament_index/resource_index/parent_prefix_path/cart_pole_description
[0.673s] -- Up-to-date: /home/user/ros2_ws/install/cart_pole_description/share/cart_pole_description/environment/ament_prefix_path.sh
[0.673s] -- Up-to-date: /home/user/ros2_ws/install/cart_pole_description/share/cart_pole_description/environment/ament_prefix_path.dsv
[0.673s] -- Up-to-date: /home/user/ros2_ws/install/cart_pole_description/share/cart_pole_description/environment/path.sh
[0.673s] -- Up-to-date: /home/user/ros2_ws/install/cart_pole_description/share/cart_pole_description/environment/path.dsv
[0.673s] -- Up-to-date: /home/user/ros2_ws/install/cart_pole_description/share/cart_pole_description/local_setup.bash
[0.674s] -- Up-to-date: /home/user/ros2_ws/install/cart_pole_description/share/cart_pole_description/local_setup.sh
[0.674s] -- Up-to-date: /home/user/ros2_ws/install/cart_pole_description/share/cart_pole_description/local_setup.zsh
[0.674s] -- Up-to-date: /home/user/ros2_ws/install/cart_pole_description/share/cart_pole_description/local_setup.dsv
[0.674s] -- Up-to-date: /home/user/ros2_ws/install/cart_pole_description/share/cart_pole_description/package.dsv
[0.674s] -- Up-to-date: /home/user/ros2_ws/install/cart_pole_description/share/ament_index/resource_index/packages/cart_pole_description
[0.674s] -- Up-to-date: /home/user/ros2_ws/install/cart_pole_description/share/cart_pole_description/cmake/cart_pole_descriptionConfig.cmake
[0.674s] -- Up-to-date: /home/user/ros2_ws/install/cart_pole_description/share/cart_pole_description/cmake/cart_pole_descriptionConfig-version.cmake
[0.674s] -- Up-to-date: /home/user/ros2_ws/install/cart_pole_description/share/cart_pole_description/package.xml
[0.679s] Invoked command in '/home/user/ros2_ws/build/cart_pole_description' returned '0': CMAKE_PREFIX_PATH=${CMAKE_PREFIX_PATH}:/opt/ros/humble /usr/bin/cmake --install /home/user/ros2_ws/build/cart_pole_description
