[1.984s] DEBUG:colcon:Command line arguments: ['/usr/bin/colcon', 'build', '--packages-select', 'cart_pole_controller']
[1.985s] DEBUG:colcon:Parsed command line arguments: Namespace(log_base=None, log_level=None, verb_name='build', build_base='build', install_base='install', merge_install=False, symlink_install=False, test_result_base=None, continue_on_error=False, executor='parallel', parallel_workers=4, event_handlers=None, ignore_user_meta=False, metas=['./colcon.meta'], base_paths=['.'], packages_ignore=None, packages_ignore_regex=None, paths=None, packages_up_to=None, packages_up_to_regex=None, packages_above=None, packages_above_and_dependencies=None, packages_above_depth=None, packages_select_by_dep=None, packages_skip_by_dep=None, packages_skip_up_to=None, packages_select_build_failed=False, packages_skip_build_finished=False, packages_select_test_failures=False, packages_skip_test_passed=False, packages_select=['cart_pole_controller'], packages_skip=None, packages_select_regex=None, packages_skip_regex=None, packages_start=None, packages_end=None, allow_overriding=[], cmake_args=None, cmake_target=None, cmake_target_skip_unavailable=False, cmake_clean_cache=False, cmake_clean_first=False, cmake_force_configure=False, ament_cmake_args=None, catkin_cmake_args=None, catkin_skip_building_tests=False, mixin_files=None, mixin=None, verb_parser=<colcon_mixin.mixin.mixin_argument.MixinArgumentDecorator object at 0x773032901c30>, verb_extension=<colcon_core.verb.build.BuildVerb object at 0x773032a77190>, main=<bound method BuildVerb.main of <colcon_core.verb.build.BuildVerb object at 0x773032a77190>>, mixin_verb=('build',))
[4.699s] Level 1:colcon.colcon_core.package_discovery:discover_packages(colcon_meta) check parameters
[4.700s] Level 1:colcon.colcon_core.package_discovery:discover_packages(recursive) check parameters
[4.701s] Level 1:colcon.colcon_core.package_discovery:discover_packages(ignore) check parameters
[4.701s] Level 1:colcon.colcon_core.package_discovery:discover_packages(path) check parameters
[4.701s] Level 1:colcon.colcon_core.package_discovery:discover_packages(colcon_meta) discover
[4.702s] Level 1:colcon.colcon_core.package_discovery:discover_packages(recursive) discover
[4.702s] INFO:colcon.colcon_core.package_discovery:Crawling recursively for packages in '/home/user/ros2_ws'
[4.703s] Level 1:colcon.colcon_core.package_identification:_identify(.) by extensions ['ignore', 'ignore_ament_install']
[4.704s] Level 1:colcon.colcon_core.package_identification:_identify(.) by extension 'ignore'
[4.704s] Level 1:colcon.colcon_core.package_identification:_identify(.) by extension 'ignore_ament_install'
[4.704s] Level 1:colcon.colcon_core.package_identification:_identify(.) by extensions ['colcon_pkg']
[4.705s] Level 1:colcon.colcon_core.package_identification:_identify(.) by extension 'colcon_pkg'
[4.705s] Level 1:colcon.colcon_core.package_identification:_identify(.) by extensions ['colcon_meta']
[4.705s] Level 1:colcon.colcon_core.package_identification:_identify(.) by extension 'colcon_meta'
[4.706s] Level 1:colcon.colcon_core.package_identification:_identify(.) by extensions ['ros']
[4.706s] Level 1:colcon.colcon_core.package_identification:_identify(.) by extension 'ros'
[4.814s] Level 1:colcon.colcon_core.package_identification:_identify(.) by extensions ['cmake', 'python']
[4.814s] Level 1:colcon.colcon_core.package_identification:_identify(.) by extension 'cmake'
[4.814s] Level 1:colcon.colcon_core.package_identification:_identify(.) by extension 'python'
[4.814s] Level 1:colcon.colcon_core.package_identification:_identify(.) by extensions ['python_setup_py']
[4.815s] Level 1:colcon.colcon_core.package_identification:_identify(.) by extension 'python_setup_py'
[4.815s] Level 1:colcon.colcon_core.package_identification:_identify(build) by extensions ['ignore', 'ignore_ament_install']
[4.816s] Level 1:colcon.colcon_core.package_identification:_identify(build) by extension 'ignore'
[4.816s] Level 1:colcon.colcon_core.package_identification:_identify(build) ignored
[4.817s] Level 1:colcon.colcon_core.package_identification:_identify(install) by extensions ['ignore', 'ignore_ament_install']
[4.818s] Level 1:colcon.colcon_core.package_identification:_identify(install) by extension 'ignore'
[4.819s] Level 1:colcon.colcon_core.package_identification:_identify(install) ignored
[4.819s] Level 1:colcon.colcon_core.package_identification:_identify(log) by extensions ['ignore', 'ignore_ament_install']
[4.820s] Level 1:colcon.colcon_core.package_identification:_identify(log) by extension 'ignore'
[4.822s] Level 1:colcon.colcon_core.package_identification:_identify(log) ignored
[4.824s] Level 1:colcon.colcon_core.package_identification:_identify(src) by extensions ['ignore', 'ignore_ament_install']
[4.827s] Level 1:colcon.colcon_core.package_identification:_identify(src) by extension 'ignore'
[4.828s] Level 1:colcon.colcon_core.package_identification:_identify(src) by extension 'ignore_ament_install'
[4.831s] Level 1:colcon.colcon_core.package_identification:_identify(src) by extensions ['colcon_pkg']
[4.831s] Level 1:colcon.colcon_core.package_identification:_identify(src) by extension 'colcon_pkg'
[4.834s] Level 1:colcon.colcon_core.package_identification:_identify(src) by extensions ['colcon_meta']
[4.835s] Level 1:colcon.colcon_core.package_identification:_identify(src) by extension 'colcon_meta'
[4.840s] Level 1:colcon.colcon_core.package_identification:_identify(src) by extensions ['ros']
[4.843s] Level 1:colcon.colcon_core.package_identification:_identify(src) by extension 'ros'
[4.848s] Level 1:colcon.colcon_core.package_identification:_identify(src) by extensions ['cmake', 'python']
[4.850s] Level 1:colcon.colcon_core.package_identification:_identify(src) by extension 'cmake'
[4.850s] Level 1:colcon.colcon_core.package_identification:_identify(src) by extension 'python'
[4.851s] Level 1:colcon.colcon_core.package_identification:_identify(src) by extensions ['python_setup_py']
[4.851s] Level 1:colcon.colcon_core.package_identification:_identify(src) by extension 'python_setup_py'
[4.852s] Level 1:colcon.colcon_core.package_identification:_identify(src/cart_pole_controller) by extensions ['ignore', 'ignore_ament_install']
[4.852s] Level 1:colcon.colcon_core.package_identification:_identify(src/cart_pole_controller) by extension 'ignore'
[4.853s] Level 1:colcon.colcon_core.package_identification:_identify(src/cart_pole_controller) by extension 'ignore_ament_install'
[4.853s] Level 1:colcon.colcon_core.package_identification:_identify(src/cart_pole_controller) by extensions ['colcon_pkg']
[4.853s] Level 1:colcon.colcon_core.package_identification:_identify(src/cart_pole_controller) by extension 'colcon_pkg'
[4.854s] Level 1:colcon.colcon_core.package_identification:_identify(src/cart_pole_controller) by extensions ['colcon_meta']
[4.854s] Level 1:colcon.colcon_core.package_identification:_identify(src/cart_pole_controller) by extension 'colcon_meta'
[4.855s] Level 1:colcon.colcon_core.package_identification:_identify(src/cart_pole_controller) by extensions ['ros']
[4.856s] Level 1:colcon.colcon_core.package_identification:_identify(src/cart_pole_controller) by extension 'ros'
[4.909s] DEBUG:colcon.colcon_core.package_identification:Package 'src/cart_pole_controller' with type 'ros.ament_cmake' and name 'cart_pole_controller'
[4.911s] Level 1:colcon.colcon_core.package_identification:_identify(src/gazebo_polecart_ros) by extensions ['ignore', 'ignore_ament_install']
[4.913s] Level 1:colcon.colcon_core.package_identification:_identify(src/gazebo_polecart_ros) by extension 'ignore'
[4.914s] Level 1:colcon.colcon_core.package_identification:_identify(src/gazebo_polecart_ros) by extension 'ignore_ament_install'
[4.916s] Level 1:colcon.colcon_core.package_identification:_identify(src/gazebo_polecart_ros) by extensions ['colcon_pkg']
[4.930s] Level 1:colcon.colcon_core.package_identification:_identify(src/gazebo_polecart_ros) by extension 'colcon_pkg'
[4.932s] Level 1:colcon.colcon_core.package_identification:_identify(src/gazebo_polecart_ros) by extensions ['colcon_meta']
[4.935s] Level 1:colcon.colcon_core.package_identification:_identify(src/gazebo_polecart_ros) by extension 'colcon_meta'
[4.935s] Level 1:colcon.colcon_core.package_identification:_identify(src/gazebo_polecart_ros) by extensions ['ros']
[4.936s] Level 1:colcon.colcon_core.package_identification:_identify(src/gazebo_polecart_ros) by extension 'ros'
[4.944s] DEBUG:colcon.colcon_core.package_identification:Package 'src/gazebo_polecart_ros' with type 'ros.ament_python' and name 'gazebo_polecart_ros'
[4.944s] Level 1:colcon.colcon_core.package_discovery:discover_packages(recursive) using defaults
[4.945s] Level 1:colcon.colcon_core.package_discovery:discover_packages(ignore) discover
[4.945s] Level 1:colcon.colcon_core.package_discovery:discover_packages(ignore) using defaults
[4.945s] Level 1:colcon.colcon_core.package_discovery:discover_packages(path) discover
[4.945s] Level 1:colcon.colcon_core.package_discovery:discover_packages(path) using defaults
[5.314s] INFO:colcon.colcon_core.package_selection:Skipping not selected package 'gazebo_polecart_ros' in 'src/gazebo_polecart_ros'
[5.317s] Level 1:colcon.colcon_core.package_discovery:discover_packages(prefix_path) check parameters
[5.317s] Level 1:colcon.colcon_core.package_discovery:discover_packages(prefix_path) discover
[5.330s] DEBUG:colcon.colcon_installed_package_information.package_discovery:Found 3 installed packages in /home/user/ros2_ws/install
[5.349s] DEBUG:colcon.colcon_installed_package_information.package_discovery:Found 334 installed packages in /opt/ros/humble
[5.419s] Level 1:colcon.colcon_core.package_discovery:discover_packages(prefix_path) using defaults
[6.438s] Level 5:colcon.colcon_core.verb:set package 'cart_pole_controller' build argument 'cmake_args' from command line to 'None'
[6.441s] Level 5:colcon.colcon_core.verb:set package 'cart_pole_controller' build argument 'cmake_target' from command line to 'None'
[6.446s] Level 5:colcon.colcon_core.verb:set package 'cart_pole_controller' build argument 'cmake_target_skip_unavailable' from command line to 'False'
[6.449s] Level 5:colcon.colcon_core.verb:set package 'cart_pole_controller' build argument 'cmake_clean_cache' from command line to 'False'
[6.462s] Level 5:colcon.colcon_core.verb:set package 'cart_pole_controller' build argument 'cmake_clean_first' from command line to 'False'
[6.463s] Level 5:colcon.colcon_core.verb:set package 'cart_pole_controller' build argument 'cmake_force_configure' from command line to 'False'
[6.463s] Level 5:colcon.colcon_core.verb:set package 'cart_pole_controller' build argument 'ament_cmake_args' from command line to 'None'
[6.464s] Level 5:colcon.colcon_core.verb:set package 'cart_pole_controller' build argument 'catkin_cmake_args' from command line to 'None'
[6.465s] Level 5:colcon.colcon_core.verb:set package 'cart_pole_controller' build argument 'catkin_skip_building_tests' from command line to 'False'
[6.468s] DEBUG:colcon.colcon_core.verb:Building package 'cart_pole_controller' with the following arguments: {'ament_cmake_args': None, 'build_base': '/home/user/ros2_ws/build/cart_pole_controller', 'catkin_cmake_args': None, 'catkin_skip_building_tests': False, 'cmake_args': None, 'cmake_clean_cache': False, 'cmake_clean_first': False, 'cmake_force_configure': False, 'cmake_target': None, 'cmake_target_skip_unavailable': False, 'install_base': '/home/user/ros2_ws/install/cart_pole_controller', 'merge_install': False, 'path': '/home/user/ros2_ws/src/cart_pole_controller', 'symlink_install': False, 'test_result_base': None}
[6.481s] INFO:colcon.colcon_core.executor:Executing jobs using 'parallel' executor
[6.526s] DEBUG:colcon.colcon_parallel_executor.executor.parallel:run_until_complete
[6.528s] INFO:colcon.colcon_ros.task.ament_cmake.build:Building ROS package in '/home/user/ros2_ws/src/cart_pole_controller' with build type 'ament_cmake'
[6.530s] INFO:colcon.colcon_cmake.task.cmake.build:Building CMake package in '/home/user/ros2_ws/src/cart_pole_controller'
[6.589s] INFO:colcon.colcon_core.plugin_system:Skipping extension 'colcon_core.shell.bat': Not used on non-Windows systems
[6.592s] INFO:colcon.colcon_core.shell:Skip shell extension 'powershell' for command environment: Not usable outside of PowerShell
[6.592s] DEBUG:colcon.colcon_core.shell:Skip shell extension 'dsv' for command environment
[6.759s] DEBUG:colcon.colcon_core.event_handler.log_command:Invoking command in '/home/user/ros2_ws/build/cart_pole_controller': CMAKE_PREFIX_PATH=${CMAKE_PREFIX_PATH}:/home/user/ros2_ws/install/gazebo_polecart_ros:/opt/ros/humble /usr/bin/cmake --build /home/user/ros2_ws/build/cart_pole_controller -- -j4 -l4
[7.969s] DEBUG:colcon.colcon_core.event_handler.log_command:Invoked command in '/home/user/ros2_ws/build/cart_pole_controller' returned '0': CMAKE_PREFIX_PATH=${CMAKE_PREFIX_PATH}:/home/user/ros2_ws/install/gazebo_polecart_ros:/opt/ros/humble /usr/bin/cmake --build /home/user/ros2_ws/build/cart_pole_controller -- -j4 -l4
[8.646s] DEBUG:colcon.colcon_core.event_handler.log_command:Invoking command in '/home/user/ros2_ws/build/cart_pole_controller': CMAKE_PREFIX_PATH=${CMAKE_PREFIX_PATH}:/home/user/ros2_ws/install/gazebo_polecart_ros:/opt/ros/humble /usr/bin/cmake --install /home/user/ros2_ws/build/cart_pole_controller
[8.811s] Level 1:colcon.colcon_core.environment:create_environment_scripts_only(cart_pole_controller)
[8.826s] DEBUG:colcon.colcon_core.event_handler.log_command:Invoked command in '/home/user/ros2_ws/build/cart_pole_controller' returned '0': CMAKE_PREFIX_PATH=${CMAKE_PREFIX_PATH}:/home/user/ros2_ws/install/gazebo_polecart_ros:/opt/ros/humble /usr/bin/cmake --install /home/user/ros2_ws/build/cart_pole_controller
[8.846s] Level 1:colcon.colcon_core.environment:checking '/home/user/ros2_ws/install/cart_pole_controller' for CMake module files
[8.855s] Level 1:colcon.colcon_core.environment:checking '/home/user/ros2_ws/install/cart_pole_controller' for CMake config files
[8.858s] Level 1:colcon.colcon_core.shell:create_environment_hook('cart_pole_controller', 'cmake_prefix_path')
[8.860s] INFO:colcon.colcon_core.shell:Creating environment hook '/home/user/ros2_ws/install/cart_pole_controller/share/cart_pole_controller/hook/cmake_prefix_path.ps1'
[8.868s] INFO:colcon.colcon_core.shell:Creating environment descriptor '/home/user/ros2_ws/install/cart_pole_controller/share/cart_pole_controller/hook/cmake_prefix_path.dsv'
[8.899s] INFO:colcon.colcon_core.shell:Creating environment hook '/home/user/ros2_ws/install/cart_pole_controller/share/cart_pole_controller/hook/cmake_prefix_path.sh'
[8.928s] Level 1:colcon.colcon_core.environment:checking '/home/user/ros2_ws/install/cart_pole_controller/lib'
[8.943s] Level 1:colcon.colcon_core.environment:checking '/home/user/ros2_ws/install/cart_pole_controller/bin'
[8.944s] Level 1:colcon.colcon_core.environment:checking '/home/user/ros2_ws/install/cart_pole_controller/lib/pkgconfig/cart_pole_controller.pc'
[8.947s] Level 1:colcon.colcon_core.environment:checking '/home/user/ros2_ws/install/cart_pole_controller/lib/python3.10/site-packages'
[8.950s] Level 1:colcon.colcon_core.environment:checking '/home/user/ros2_ws/install/cart_pole_controller/bin'
[8.954s] INFO:colcon.colcon_core.shell:Creating package script '/home/user/ros2_ws/install/cart_pole_controller/share/cart_pole_controller/package.ps1'
[8.960s] INFO:colcon.colcon_core.shell:Creating package descriptor '/home/user/ros2_ws/install/cart_pole_controller/share/cart_pole_controller/package.dsv'
[8.965s] INFO:colcon.colcon_core.shell:Creating package script '/home/user/ros2_ws/install/cart_pole_controller/share/cart_pole_controller/package.sh'
[8.970s] INFO:colcon.colcon_core.shell:Creating package script '/home/user/ros2_ws/install/cart_pole_controller/share/cart_pole_controller/package.bash'
[8.977s] INFO:colcon.colcon_core.shell:Creating package script '/home/user/ros2_ws/install/cart_pole_controller/share/cart_pole_controller/package.zsh'
[9.007s] Level 1:colcon.colcon_core.environment:create_file_with_runtime_dependencies(/home/user/ros2_ws/install/cart_pole_controller/share/colcon-core/packages/cart_pole_controller)
[9.450s] Level 1:colcon.colcon_core.environment:create_environment_scripts_only(cart_pole_controller)
[9.452s] Level 1:colcon.colcon_core.environment:checking '/home/user/ros2_ws/install/cart_pole_controller' for CMake module files
[9.459s] Level 1:colcon.colcon_core.environment:checking '/home/user/ros2_ws/install/cart_pole_controller' for CMake config files
[9.462s] Level 1:colcon.colcon_core.shell:create_environment_hook('cart_pole_controller', 'cmake_prefix_path')
[9.467s] INFO:colcon.colcon_core.shell:Creating environment hook '/home/user/ros2_ws/install/cart_pole_controller/share/cart_pole_controller/hook/cmake_prefix_path.ps1'
[9.473s] INFO:colcon.colcon_core.shell:Creating environment descriptor '/home/user/ros2_ws/install/cart_pole_controller/share/cart_pole_controller/hook/cmake_prefix_path.dsv'
[9.487s] INFO:colcon.colcon_core.shell:Creating environment hook '/home/user/ros2_ws/install/cart_pole_controller/share/cart_pole_controller/hook/cmake_prefix_path.sh'
[9.511s] Level 1:colcon.colcon_core.environment:checking '/home/user/ros2_ws/install/cart_pole_controller/lib'
[9.516s] Level 1:colcon.colcon_core.environment:checking '/home/user/ros2_ws/install/cart_pole_controller/bin'
[9.518s] Level 1:colcon.colcon_core.environment:checking '/home/user/ros2_ws/install/cart_pole_controller/lib/pkgconfig/cart_pole_controller.pc'
[9.521s] Level 1:colcon.colcon_core.environment:checking '/home/user/ros2_ws/install/cart_pole_controller/lib/python3.10/site-packages'
[9.527s] Level 1:colcon.colcon_core.environment:checking '/home/user/ros2_ws/install/cart_pole_controller/bin'
[9.557s] INFO:colcon.colcon_core.shell:Creating package script '/home/user/ros2_ws/install/cart_pole_controller/share/cart_pole_controller/package.ps1'
[9.562s] INFO:colcon.colcon_core.shell:Creating package descriptor '/home/user/ros2_ws/install/cart_pole_controller/share/cart_pole_controller/package.dsv'
[9.567s] INFO:colcon.colcon_core.shell:Creating package script '/home/user/ros2_ws/install/cart_pole_controller/share/cart_pole_controller/package.sh'
[9.570s] INFO:colcon.colcon_core.shell:Creating package script '/home/user/ros2_ws/install/cart_pole_controller/share/cart_pole_controller/package.bash'
[9.574s] INFO:colcon.colcon_core.shell:Creating package script '/home/user/ros2_ws/install/cart_pole_controller/share/cart_pole_controller/package.zsh'
[9.577s] Level 1:colcon.colcon_core.environment:create_file_with_runtime_dependencies(/home/user/ros2_ws/install/cart_pole_controller/share/colcon-core/packages/cart_pole_controller)
[9.579s] DEBUG:colcon.colcon_parallel_executor.executor.parallel:closing loop
[9.580s] DEBUG:colcon.colcon_parallel_executor.executor.parallel:loop closed
[9.580s] DEBUG:colcon.colcon_parallel_executor.executor.parallel:run_until_complete finished with '0'
[9.581s] DEBUG:colcon.colcon_core.event_reactor:joining thread
[9.679s] INFO:colcon.colcon_core.plugin_system:Skipping extension 'colcon_notification.desktop_notification.terminal_notifier': Not used on non-Darwin systems
[9.680s] INFO:colcon.colcon_core.plugin_system:Skipping extension 'colcon_notification.desktop_notification.win32': Not used on non-Windows systems
[9.681s] INFO:colcon.colcon_notification.desktop_notification:Sending desktop notification using 'notify2'
[10.083s] DEBUG:colcon.colcon_core.event_reactor:joined thread
[10.116s] INFO:colcon.colcon_core.shell:Creating prefix script '/home/user/ros2_ws/install/local_setup.ps1'
[10.160s] INFO:colcon.colcon_core.shell:Creating prefix util module '/home/user/ros2_ws/install/_local_setup_util_ps1.py'
[10.230s] INFO:colcon.colcon_core.shell:Creating prefix chain script '/home/user/ros2_ws/install/setup.ps1'
[10.244s] INFO:colcon.colcon_core.shell:Creating prefix script '/home/user/ros2_ws/install/local_setup.sh'
[10.254s] INFO:colcon.colcon_core.shell:Creating prefix util module '/home/user/ros2_ws/install/_local_setup_util_sh.py'
[10.262s] INFO:colcon.colcon_core.shell:Creating prefix chain script '/home/user/ros2_ws/install/setup.sh'
[10.302s] INFO:colcon.colcon_core.shell:Creating prefix script '/home/user/ros2_ws/install/local_setup.bash'
[10.320s] INFO:colcon.colcon_core.shell:Creating prefix chain script '/home/user/ros2_ws/install/setup.bash'
[10.344s] INFO:colcon.colcon_core.shell:Creating prefix script '/home/user/ros2_ws/install/local_setup.zsh'
[10.352s] INFO:colcon.colcon_core.shell:Creating prefix chain script '/home/user/ros2_ws/install/setup.zsh'
