running egg_info
creating ../../build/gazebo_polecart_ros/gazebo_polecart_ros.egg-info
writing ../../build/gazebo_polecart_ros/gazebo_polecart_ros.egg-info/PKG-INFO
writing dependency_links to ../../build/gazebo_polecart_ros/gazebo_polecart_ros.egg-info/dependency_links.txt
writing entry points to ../../build/gazebo_polecart_ros/gazebo_polecart_ros.egg-info/entry_points.txt
writing requirements to ../../build/gazebo_polecart_ros/gazebo_polecart_ros.egg-info/requires.txt
writing top-level names to ../../build/gazebo_polecart_ros/gazebo_polecart_ros.egg-info/top_level.txt
writing manifest file '../../build/gazebo_polecart_ros/gazebo_polecart_ros.egg-info/SOURCES.txt'
reading manifest file '../../build/gazebo_polecart_ros/gazebo_polecart_ros.egg-info/SOURCES.txt'
writing manifest file '../../build/gazebo_polecart_ros/gazebo_polecart_ros.egg-info/SOURCES.txt'
running build
running build_py
creating /home/user/ros2_ws/build/gazebo_polecart_ros/build
creating /home/user/ros2_ws/build/gazebo_polecart_ros/build/lib
creating /home/user/ros2_ws/build/gazebo_polecart_ros/build/lib/gazebo_polecart_ros
copying gazebo_polecart_ros/__init__.py -> /home/user/ros2_ws/build/gazebo_polecart_ros/build/lib/gazebo_polecart_ros
running install
running install_lib
creating /home/user/ros2_ws/install/gazebo_polecart_ros/lib/python3.10/site-packages/gazebo_polecart_ros
copying /home/user/ros2_ws/build/gazebo_polecart_ros/build/lib/gazebo_polecart_ros/__init__.py -> /home/user/ros2_ws/install/gazebo_polecart_ros/lib/python3.10/site-packages/gazebo_polecart_ros
byte-compiling /home/user/ros2_ws/install/gazebo_polecart_ros/lib/python3.10/site-packages/gazebo_polecart_ros/__init__.py to __init__.cpython-310.pyc
running install_data
creating /home/user/ros2_ws/install/gazebo_polecart_ros/share/ament_index
creating /home/user/ros2_ws/install/gazebo_polecart_ros/share/ament_index/resource_index
creating /home/user/ros2_ws/install/gazebo_polecart_ros/share/ament_index/resource_index/packages
copying resource/gazebo_polecart_ros -> /home/user/ros2_ws/install/gazebo_polecart_ros/share/ament_index/resource_index/packages
copying package.xml -> /home/user/ros2_ws/install/gazebo_polecart_ros/share/gazebo_polecart_ros
creating /home/user/ros2_ws/install/gazebo_polecart_ros/share/gazebo_polecart_ros/launch
copying launch/polecart.launch.py -> /home/user/ros2_ws/install/gazebo_polecart_ros/share/gazebo_polecart_ros/launch
copying launch/spawn_polecart.launch.py -> /home/user/ros2_ws/install/gazebo_polecart_ros/share/gazebo_polecart_ros/launch
creating /home/user/ros2_ws/install/gazebo_polecart_ros/share/gazebo_polecart_ros/config
copying config/gazebo_params.yml -> /home/user/ros2_ws/install/gazebo_polecart_ros/share/gazebo_polecart_ros/config
creating /home/user/ros2_ws/install/gazebo_polecart_ros/share/gazebo_polecart_ros/worlds
copying gazebo/worlds/polecart.world -> /home/user/ros2_ws/install/gazebo_polecart_ros/share/gazebo_polecart_ros/worlds
creating /home/user/ros2_ws/install/gazebo_polecart_ros/share/gazebo_polecart_ros/models
creating /home/user/ros2_ws/install/gazebo_polecart_ros/share/gazebo_polecart_ros/models/Polecart2_ros
copying gazebo/models/Polecart2_ros/model.config -> /home/user/ros2_ws/install/gazebo_polecart_ros/share/gazebo_polecart_ros/models/Polecart2_ros
copying gazebo/models/Polecart2_ros/model.sdf -> /home/user/ros2_ws/install/gazebo_polecart_ros/share/gazebo_polecart_ros/models/Polecart2_ros
running install_egg_info
Copying ../../build/gazebo_polecart_ros/gazebo_polecart_ros.egg-info to /home/user/ros2_ws/install/gazebo_polecart_ros/lib/python3.10/site-packages/gazebo_polecart_ros-0.0.0-py3.10.egg-info
running install_scripts
Installing gazebo_spawn script to /home/user/ros2_ws/install/gazebo_polecart_ros/lib/gazebo_polecart_ros
writing list of installed files to '/home/user/ros2_ws/build/gazebo_polecart_ros/install.log'
