[1.422s] Invoking command in '/home/user/ros2_ws/src/gazebo_polecart_ros': PYTHONPATH=/home/user/ros2_ws/build/gazebo_polecart_ros/prefix_override:/home/user/ros2_ws/install/gazebo_polecart_ros/lib/python3.10/site-packages:${PYTHONPATH} /usr/bin/python3 -W ignore:setup.py install is deprecated setup.py egg_info --egg-base ../../build/gazebo_polecart_ros build --build-base /home/user/ros2_ws/build/gazebo_polecart_ros/build install --record /home/user/ros2_ws/build/gazebo_polecart_ros/install.log --single-version-externally-managed install_data
[1.969s] running egg_info
[1.970s] creating ../../build/gazebo_polecart_ros/gazebo_polecart_ros.egg-info
[1.971s] writing ../../build/gazebo_polecart_ros/gazebo_polecart_ros.egg-info/PKG-INFO
[1.971s] writing dependency_links to ../../build/gazebo_polecart_ros/gazebo_polecart_ros.egg-info/dependency_links.txt
[1.971s] writing entry points to ../../build/gazebo_polecart_ros/gazebo_polecart_ros.egg-info/entry_points.txt
[1.971s] writing requirements to ../../build/gazebo_polecart_ros/gazebo_polecart_ros.egg-info/requires.txt
[1.972s] writing top-level names to ../../build/gazebo_polecart_ros/gazebo_polecart_ros.egg-info/top_level.txt
[1.972s] writing manifest file '../../build/gazebo_polecart_ros/gazebo_polecart_ros.egg-info/SOURCES.txt'
[1.974s] reading manifest file '../../build/gazebo_polecart_ros/gazebo_polecart_ros.egg-info/SOURCES.txt'
[1.976s] writing manifest file '../../build/gazebo_polecart_ros/gazebo_polecart_ros.egg-info/SOURCES.txt'
[1.976s] running build
[1.976s] running build_py
[1.976s] creating /home/user/ros2_ws/build/gazebo_polecart_ros/build
[1.976s] creating /home/user/ros2_ws/build/gazebo_polecart_ros/build/lib
[1.977s] creating /home/user/ros2_ws/build/gazebo_polecart_ros/build/lib/gazebo_polecart_ros
[1.977s] copying gazebo_polecart_ros/__init__.py -> /home/user/ros2_ws/build/gazebo_polecart_ros/build/lib/gazebo_polecart_ros
[1.977s] running install
[1.977s] running install_lib
[1.978s] creating /home/user/ros2_ws/install/gazebo_polecart_ros/lib/python3.10/site-packages/gazebo_polecart_ros
[1.978s] copying /home/user/ros2_ws/build/gazebo_polecart_ros/build/lib/gazebo_polecart_ros/__init__.py -> /home/user/ros2_ws/install/gazebo_polecart_ros/lib/python3.10/site-packages/gazebo_polecart_ros
[1.979s] byte-compiling /home/user/ros2_ws/install/gazebo_polecart_ros/lib/python3.10/site-packages/gazebo_polecart_ros/__init__.py to __init__.cpython-310.pyc
[1.979s] running install_data
[1.979s] creating /home/user/ros2_ws/install/gazebo_polecart_ros/share/ament_index
[1.980s] creating /home/user/ros2_ws/install/gazebo_polecart_ros/share/ament_index/resource_index
[1.980s] creating /home/user/ros2_ws/install/gazebo_polecart_ros/share/ament_index/resource_index/packages
[1.980s] copying resource/gazebo_polecart_ros -> /home/user/ros2_ws/install/gazebo_polecart_ros/share/ament_index/resource_index/packages
[1.980s] copying package.xml -> /home/user/ros2_ws/install/gazebo_polecart_ros/share/gazebo_polecart_ros
[1.980s] creating /home/user/ros2_ws/install/gazebo_polecart_ros/share/gazebo_polecart_ros/launch
[1.980s] copying launch/polecart.launch.py -> /home/user/ros2_ws/install/gazebo_polecart_ros/share/gazebo_polecart_ros/launch
[1.980s] copying launch/spawn_polecart.launch.py -> /home/user/ros2_ws/install/gazebo_polecart_ros/share/gazebo_polecart_ros/launch
[1.980s] creating /home/user/ros2_ws/install/gazebo_polecart_ros/share/gazebo_polecart_ros/config
[1.980s] copying config/gazebo_params.yml -> /home/user/ros2_ws/install/gazebo_polecart_ros/share/gazebo_polecart_ros/config
[1.981s] creating /home/user/ros2_ws/install/gazebo_polecart_ros/share/gazebo_polecart_ros/worlds
[1.981s] copying gazebo/worlds/polecart.world -> /home/user/ros2_ws/install/gazebo_polecart_ros/share/gazebo_polecart_ros/worlds
[1.981s] creating /home/user/ros2_ws/install/gazebo_polecart_ros/share/gazebo_polecart_ros/models
[1.981s] creating /home/user/ros2_ws/install/gazebo_polecart_ros/share/gazebo_polecart_ros/models/Polecart2_ros
[1.981s] copying gazebo/models/Polecart2_ros/model.config -> /home/user/ros2_ws/install/gazebo_polecart_ros/share/gazebo_polecart_ros/models/Polecart2_ros
[1.981s] copying gazebo/models/Polecart2_ros/model.sdf -> /home/user/ros2_ws/install/gazebo_polecart_ros/share/gazebo_polecart_ros/models/Polecart2_ros
[1.981s] running install_egg_info
[1.984s] Copying ../../build/gazebo_polecart_ros/gazebo_polecart_ros.egg-info to /home/user/ros2_ws/install/gazebo_polecart_ros/lib/python3.10/site-packages/gazebo_polecart_ros-0.0.0-py3.10.egg-info
[1.985s] running install_scripts
[2.026s] Installing gazebo_spawn script to /home/user/ros2_ws/install/gazebo_polecart_ros/lib/gazebo_polecart_ros
[2.027s] writing list of installed files to '/home/user/ros2_ws/build/gazebo_polecart_ros/install.log'
[2.067s] Invoked command in '/home/user/ros2_ws/src/gazebo_polecart_ros' returned '0': PYTHONPATH=/home/user/ros2_ws/build/gazebo_polecart_ros/prefix_override:/home/user/ros2_ws/install/gazebo_polecart_ros/lib/python3.10/site-packages:${PYTHONPATH} /usr/bin/python3 -W ignore:setup.py install is deprecated setup.py egg_info --egg-base ../../build/gazebo_polecart_ros build --build-base /home/user/ros2_ws/build/gazebo_polecart_ros/build install --record /home/user/ros2_ws/build/gazebo_polecart_ros/install.log --single-version-externally-managed install_data
