[0.300s] DEBUG:colcon:Command line arguments: ['/usr/bin/colcon', 'build', '--packages-select', 'cart_pole_controller']
[0.300s] DEBUG:colcon:Parsed command line arguments: Namespace(log_base=None, log_level=None, verb_name='build', build_base='build', install_base='install', merge_install=False, symlink_install=False, test_result_base=None, continue_on_error=False, executor='parallel', parallel_workers=4, event_handlers=None, ignore_user_meta=False, metas=['./colcon.meta'], base_paths=['.'], packages_ignore=None, packages_ignore_regex=None, paths=None, packages_up_to=None, packages_up_to_regex=None, packages_above=None, packages_above_and_dependencies=None, packages_above_depth=None, packages_select_by_dep=None, packages_skip_by_dep=None, packages_skip_up_to=None, packages_select_build_failed=False, packages_skip_build_finished=False, packages_select_test_failures=False, packages_skip_test_passed=False, packages_select=['cart_pole_controller'], packages_skip=None, packages_select_regex=None, packages_skip_regex=None, packages_start=None, packages_end=None, allow_overriding=[], cmake_args=None, cmake_target=None, cmake_target_skip_unavailable=False, cmake_clean_cache=False, cmake_clean_first=False, cmake_force_configure=False, ament_cmake_args=None, catkin_cmake_args=None, catkin_skip_building_tests=False, mixin_files=None, mixin=None, verb_parser=<colcon_mixin.mixin.mixin_argument.MixinArgumentDecorator object at 0x75c9f3535c30>, verb_extension=<colcon_core.verb.build.BuildVerb object at 0x75c9f36af190>, main=<bound method BuildVerb.main of <colcon_core.verb.build.BuildVerb object at 0x75c9f36af190>>, mixin_verb=('build',))
[0.750s] Level 1:colcon.colcon_core.package_discovery:discover_packages(colcon_meta) check parameters
[0.750s] Level 1:colcon.colcon_core.package_discovery:discover_packages(recursive) check parameters
[0.750s] Level 1:colcon.colcon_core.package_discovery:discover_packages(ignore) check parameters
[0.750s] Level 1:colcon.colcon_core.package_discovery:discover_packages(path) check parameters
[0.750s] Level 1:colcon.colcon_core.package_discovery:discover_packages(colcon_meta) discover
[0.750s] Level 1:colcon.colcon_core.package_discovery:discover_packages(recursive) discover
[0.751s] INFO:colcon.colcon_core.package_discovery:Crawling recursively for packages in '/home/user/ros2_ws'
[0.751s] Level 1:colcon.colcon_core.package_identification:_identify(.) by extensions ['ignore', 'ignore_ament_install']
[0.751s] Level 1:colcon.colcon_core.package_identification:_identify(.) by extension 'ignore'
[0.751s] Level 1:colcon.colcon_core.package_identification:_identify(.) by extension 'ignore_ament_install'
[0.751s] Level 1:colcon.colcon_core.package_identification:_identify(.) by extensions ['colcon_pkg']
[0.751s] Level 1:colcon.colcon_core.package_identification:_identify(.) by extension 'colcon_pkg'
[0.751s] Level 1:colcon.colcon_core.package_identification:_identify(.) by extensions ['colcon_meta']
[0.751s] Level 1:colcon.colcon_core.package_identification:_identify(.) by extension 'colcon_meta'
[0.752s] Level 1:colcon.colcon_core.package_identification:_identify(.) by extensions ['ros']
[0.752s] Level 1:colcon.colcon_core.package_identification:_identify(.) by extension 'ros'
[0.779s] Level 1:colcon.colcon_core.package_identification:_identify(.) by extensions ['cmake', 'python']
[0.780s] Level 1:colcon.colcon_core.package_identification:_identify(.) by extension 'cmake'
[0.780s] Level 1:colcon.colcon_core.package_identification:_identify(.) by extension 'python'
[0.780s] Level 1:colcon.colcon_core.package_identification:_identify(.) by extensions ['python_setup_py']
[0.780s] Level 1:colcon.colcon_core.package_identification:_identify(.) by extension 'python_setup_py'
[0.780s] Level 1:colcon.colcon_core.package_identification:_identify(build) by extensions ['ignore', 'ignore_ament_install']
[0.780s] Level 1:colcon.colcon_core.package_identification:_identify(build) by extension 'ignore'
[0.781s] Level 1:colcon.colcon_core.package_identification:_identify(build) ignored
[0.781s] Level 1:colcon.colcon_core.package_identification:_identify(install) by extensions ['ignore', 'ignore_ament_install']
[0.781s] Level 1:colcon.colcon_core.package_identification:_identify(install) by extension 'ignore'
[0.781s] Level 1:colcon.colcon_core.package_identification:_identify(install) ignored
[0.781s] Level 1:colcon.colcon_core.package_identification:_identify(log) by extensions ['ignore', 'ignore_ament_install']
[0.782s] Level 1:colcon.colcon_core.package_identification:_identify(log) by extension 'ignore'
[0.782s] Level 1:colcon.colcon_core.package_identification:_identify(log) ignored
[0.782s] Level 1:colcon.colcon_core.package_identification:_identify(src) by extensions ['ignore', 'ignore_ament_install']
[0.782s] Level 1:colcon.colcon_core.package_identification:_identify(src) by extension 'ignore'
[0.782s] Level 1:colcon.colcon_core.package_identification:_identify(src) by extension 'ignore_ament_install'
[0.782s] Level 1:colcon.colcon_core.package_identification:_identify(src) by extensions ['colcon_pkg']
[0.782s] Level 1:colcon.colcon_core.package_identification:_identify(src) by extension 'colcon_pkg'
[0.783s] Level 1:colcon.colcon_core.package_identification:_identify(src) by extensions ['colcon_meta']
[0.783s] Level 1:colcon.colcon_core.package_identification:_identify(src) by extension 'colcon_meta'
[0.783s] Level 1:colcon.colcon_core.package_identification:_identify(src) by extensions ['ros']
[0.783s] Level 1:colcon.colcon_core.package_identification:_identify(src) by extension 'ros'
[0.783s] Level 1:colcon.colcon_core.package_identification:_identify(src) by extensions ['cmake', 'python']
[0.783s] Level 1:colcon.colcon_core.package_identification:_identify(src) by extension 'cmake'
[0.783s] Level 1:colcon.colcon_core.package_identification:_identify(src) by extension 'python'
[0.783s] Level 1:colcon.colcon_core.package_identification:_identify(src) by extensions ['python_setup_py']
[0.783s] Level 1:colcon.colcon_core.package_identification:_identify(src) by extension 'python_setup_py'
[0.783s] Level 1:colcon.colcon_core.package_identification:_identify(src/cart_pole_controller) by extensions ['ignore', 'ignore_ament_install']
[0.784s] Level 1:colcon.colcon_core.package_identification:_identify(src/cart_pole_controller) by extension 'ignore'
[0.784s] Level 1:colcon.colcon_core.package_identification:_identify(src/cart_pole_controller) by extension 'ignore_ament_install'
[0.784s] Level 1:colcon.colcon_core.package_identification:_identify(src/cart_pole_controller) by extensions ['colcon_pkg']
[0.784s] Level 1:colcon.colcon_core.package_identification:_identify(src/cart_pole_controller) by extension 'colcon_pkg'
[0.784s] Level 1:colcon.colcon_core.package_identification:_identify(src/cart_pole_controller) by extensions ['colcon_meta']
[0.784s] Level 1:colcon.colcon_core.package_identification:_identify(src/cart_pole_controller) by extension 'colcon_meta'
[0.784s] Level 1:colcon.colcon_core.package_identification:_identify(src/cart_pole_controller) by extensions ['ros']
[0.784s] Level 1:colcon.colcon_core.package_identification:_identify(src/cart_pole_controller) by extension 'ros'
[0.791s] DEBUG:colcon.colcon_core.package_identification:Package 'src/cart_pole_controller' with type 'ros.ament_cmake' and name 'cart_pole_controller'
[0.791s] Level 1:colcon.colcon_core.package_identification:_identify(src/gazebo_polecart_ros) by extensions ['ignore', 'ignore_ament_install']
[0.791s] Level 1:colcon.colcon_core.package_identification:_identify(src/gazebo_polecart_ros) by extension 'ignore'
[0.791s] Level 1:colcon.colcon_core.package_identification:_identify(src/gazebo_polecart_ros) by extension 'ignore_ament_install'
[0.791s] Level 1:colcon.colcon_core.package_identification:_identify(src/gazebo_polecart_ros) by extensions ['colcon_pkg']
[0.791s] Level 1:colcon.colcon_core.package_identification:_identify(src/gazebo_polecart_ros) by extension 'colcon_pkg'
[0.792s] Level 1:colcon.colcon_core.package_identification:_identify(src/gazebo_polecart_ros) by extensions ['colcon_meta']
[0.792s] Level 1:colcon.colcon_core.package_identification:_identify(src/gazebo_polecart_ros) by extension 'colcon_meta'
[0.792s] Level 1:colcon.colcon_core.package_identification:_identify(src/gazebo_polecart_ros) by extensions ['ros']
[0.792s] Level 1:colcon.colcon_core.package_identification:_identify(src/gazebo_polecart_ros) by extension 'ros'
[0.793s] DEBUG:colcon.colcon_core.package_identification:Package 'src/gazebo_polecart_ros' with type 'ros.ament_python' and name 'gazebo_polecart_ros'
[0.793s] Level 1:colcon.colcon_core.package_discovery:discover_packages(recursive) using defaults
[0.793s] Level 1:colcon.colcon_core.package_discovery:discover_packages(ignore) discover
[0.793s] Level 1:colcon.colcon_core.package_discovery:discover_packages(ignore) using defaults
[0.793s] Level 1:colcon.colcon_core.package_discovery:discover_packages(path) discover
[0.793s] Level 1:colcon.colcon_core.package_discovery:discover_packages(path) using defaults
[0.860s] INFO:colcon.colcon_core.package_selection:Skipping not selected package 'gazebo_polecart_ros' in 'src/gazebo_polecart_ros'
[0.861s] Level 1:colcon.colcon_core.package_discovery:discover_packages(prefix_path) check parameters
[0.861s] Level 1:colcon.colcon_core.package_discovery:discover_packages(prefix_path) discover
[0.865s] DEBUG:colcon.colcon_installed_package_information.package_discovery:Found 3 installed packages in /home/user/ros2_ws/install
[0.871s] DEBUG:colcon.colcon_installed_package_information.package_discovery:Found 334 installed packages in /opt/ros/humble
[0.877s] Level 1:colcon.colcon_core.package_discovery:discover_packages(prefix_path) using defaults
[1.011s] Level 5:colcon.colcon_core.verb:set package 'cart_pole_controller' build argument 'cmake_args' from command line to 'None'
[1.011s] Level 5:colcon.colcon_core.verb:set package 'cart_pole_controller' build argument 'cmake_target' from command line to 'None'
[1.011s] Level 5:colcon.colcon_core.verb:set package 'cart_pole_controller' build argument 'cmake_target_skip_unavailable' from command line to 'False'
[1.011s] Level 5:colcon.colcon_core.verb:set package 'cart_pole_controller' build argument 'cmake_clean_cache' from command line to 'False'
[1.011s] Level 5:colcon.colcon_core.verb:set package 'cart_pole_controller' build argument 'cmake_clean_first' from command line to 'False'
[1.011s] Level 5:colcon.colcon_core.verb:set package 'cart_pole_controller' build argument 'cmake_force_configure' from command line to 'False'
[1.011s] Level 5:colcon.colcon_core.verb:set package 'cart_pole_controller' build argument 'ament_cmake_args' from command line to 'None'
[1.011s] Level 5:colcon.colcon_core.verb:set package 'cart_pole_controller' build argument 'catkin_cmake_args' from command line to 'None'
[1.011s] Level 5:colcon.colcon_core.verb:set package 'cart_pole_controller' build argument 'catkin_skip_building_tests' from command line to 'False'
[1.012s] DEBUG:colcon.colcon_core.verb:Building package 'cart_pole_controller' with the following arguments: {'ament_cmake_args': None, 'build_base': '/home/user/ros2_ws/build/cart_pole_controller', 'catkin_cmake_args': None, 'catkin_skip_building_tests': False, 'cmake_args': None, 'cmake_clean_cache': False, 'cmake_clean_first': False, 'cmake_force_configure': False, 'cmake_target': None, 'cmake_target_skip_unavailable': False, 'install_base': '/home/user/ros2_ws/install/cart_pole_controller', 'merge_install': False, 'path': '/home/user/ros2_ws/src/cart_pole_controller', 'symlink_install': False, 'test_result_base': None}
[1.012s] INFO:colcon.colcon_core.executor:Executing jobs using 'parallel' executor
[1.014s] DEBUG:colcon.colcon_parallel_executor.executor.parallel:run_until_complete
[1.014s] INFO:colcon.colcon_ros.task.ament_cmake.build:Building ROS package in '/home/user/ros2_ws/src/cart_pole_controller' with build type 'ament_cmake'
[1.015s] INFO:colcon.colcon_cmake.task.cmake.build:Building CMake package in '/home/user/ros2_ws/src/cart_pole_controller'
[1.023s] INFO:colcon.colcon_core.plugin_system:Skipping extension 'colcon_core.shell.bat': Not used on non-Windows systems
[1.023s] INFO:colcon.colcon_core.shell:Skip shell extension 'powershell' for command environment: Not usable outside of PowerShell
[1.024s] DEBUG:colcon.colcon_core.shell:Skip shell extension 'dsv' for command environment
[1.051s] DEBUG:colcon.colcon_core.event_handler.log_command:Invoking command in '/home/user/ros2_ws/build/cart_pole_controller': CMAKE_PREFIX_PATH=${CMAKE_PREFIX_PATH}:/home/user/ros2_ws/install/gazebo_polecart_ros:/opt/ros/humble /usr/bin/cmake --build /home/user/ros2_ws/build/cart_pole_controller -- -j4 -l4
[25.513s] DEBUG:colcon.colcon_core.event_handler.log_command:Invoked command in '/home/user/ros2_ws/build/cart_pole_controller' returned '0': CMAKE_PREFIX_PATH=${CMAKE_PREFIX_PATH}:/home/user/ros2_ws/install/gazebo_polecart_ros:/opt/ros/humble /usr/bin/cmake --build /home/user/ros2_ws/build/cart_pole_controller -- -j4 -l4
[25.630s] DEBUG:colcon.colcon_core.event_handler.log_command:Invoking command in '/home/user/ros2_ws/build/cart_pole_controller': CMAKE_PREFIX_PATH=${CMAKE_PREFIX_PATH}:/home/user/ros2_ws/install/gazebo_polecart_ros:/opt/ros/humble /usr/bin/cmake --install /home/user/ros2_ws/build/cart_pole_controller
[25.683s] Level 1:colcon.colcon_core.environment:create_environment_scripts_only(cart_pole_controller)
[25.684s] DEBUG:colcon.colcon_core.event_handler.log_command:Invoked command in '/home/user/ros2_ws/build/cart_pole_controller' returned '0': CMAKE_PREFIX_PATH=${CMAKE_PREFIX_PATH}:/home/user/ros2_ws/install/gazebo_polecart_ros:/opt/ros/humble /usr/bin/cmake --install /home/user/ros2_ws/build/cart_pole_controller
[25.694s] Level 1:colcon.colcon_core.environment:checking '/home/user/ros2_ws/install/cart_pole_controller' for CMake module files
[25.696s] Level 1:colcon.colcon_core.environment:checking '/home/user/ros2_ws/install/cart_pole_controller' for CMake config files
[25.697s] Level 1:colcon.colcon_core.shell:create_environment_hook('cart_pole_controller', 'cmake_prefix_path')
[25.698s] INFO:colcon.colcon_core.shell:Creating environment hook '/home/user/ros2_ws/install/cart_pole_controller/share/cart_pole_controller/hook/cmake_prefix_path.ps1'
[25.702s] INFO:colcon.colcon_core.shell:Creating environment descriptor '/home/user/ros2_ws/install/cart_pole_controller/share/cart_pole_controller/hook/cmake_prefix_path.dsv'
[25.704s] INFO:colcon.colcon_core.shell:Creating environment hook '/home/user/ros2_ws/install/cart_pole_controller/share/cart_pole_controller/hook/cmake_prefix_path.sh'
[25.709s] Level 1:colcon.colcon_core.environment:checking '/home/user/ros2_ws/install/cart_pole_controller/lib'
[25.710s] Level 1:colcon.colcon_core.environment:checking '/home/user/ros2_ws/install/cart_pole_controller/bin'
[25.710s] Level 1:colcon.colcon_core.environment:checking '/home/user/ros2_ws/install/cart_pole_controller/lib/pkgconfig/cart_pole_controller.pc'
[25.712s] Level 1:colcon.colcon_core.environment:checking '/home/user/ros2_ws/install/cart_pole_controller/lib/python3.10/site-packages'
[25.713s] Level 1:colcon.colcon_core.environment:checking '/home/user/ros2_ws/install/cart_pole_controller/bin'
[25.715s] INFO:colcon.colcon_core.shell:Creating package script '/home/user/ros2_ws/install/cart_pole_controller/share/cart_pole_controller/package.ps1'
[25.718s] INFO:colcon.colcon_core.shell:Creating package descriptor '/home/user/ros2_ws/install/cart_pole_controller/share/cart_pole_controller/package.dsv'
[25.721s] INFO:colcon.colcon_core.shell:Creating package script '/home/user/ros2_ws/install/cart_pole_controller/share/cart_pole_controller/package.sh'
[25.724s] INFO:colcon.colcon_core.shell:Creating package script '/home/user/ros2_ws/install/cart_pole_controller/share/cart_pole_controller/package.bash'
[25.728s] INFO:colcon.colcon_core.shell:Creating package script '/home/user/ros2_ws/install/cart_pole_controller/share/cart_pole_controller/package.zsh'
[25.732s] Level 1:colcon.colcon_core.environment:create_file_with_runtime_dependencies(/home/user/ros2_ws/install/cart_pole_controller/share/colcon-core/packages/cart_pole_controller)
[25.832s] Level 1:colcon.colcon_core.environment:create_environment_scripts_only(cart_pole_controller)
[25.833s] Level 1:colcon.colcon_core.environment:checking '/home/user/ros2_ws/install/cart_pole_controller' for CMake module files
[25.835s] Level 1:colcon.colcon_core.environment:checking '/home/user/ros2_ws/install/cart_pole_controller' for CMake config files
[25.837s] Level 1:colcon.colcon_core.shell:create_environment_hook('cart_pole_controller', 'cmake_prefix_path')
[25.838s] INFO:colcon.colcon_core.shell:Creating environment hook '/home/user/ros2_ws/install/cart_pole_controller/share/cart_pole_controller/hook/cmake_prefix_path.ps1'
[25.839s] INFO:colcon.colcon_core.shell:Creating environment descriptor '/home/user/ros2_ws/install/cart_pole_controller/share/cart_pole_controller/hook/cmake_prefix_path.dsv'
[25.841s] INFO:colcon.colcon_core.shell:Creating environment hook '/home/user/ros2_ws/install/cart_pole_controller/share/cart_pole_controller/hook/cmake_prefix_path.sh'
[25.843s] Level 1:colcon.colcon_core.environment:checking '/home/user/ros2_ws/install/cart_pole_controller/lib'
[25.843s] Level 1:colcon.colcon_core.environment:checking '/home/user/ros2_ws/install/cart_pole_controller/bin'
[25.843s] Level 1:colcon.colcon_core.environment:checking '/home/user/ros2_ws/install/cart_pole_controller/lib/pkgconfig/cart_pole_controller.pc'
[25.845s] Level 1:colcon.colcon_core.environment:checking '/home/user/ros2_ws/install/cart_pole_controller/lib/python3.10/site-packages'
[25.846s] Level 1:colcon.colcon_core.environment:checking '/home/user/ros2_ws/install/cart_pole_controller/bin'
[25.847s] INFO:colcon.colcon_core.shell:Creating package script '/home/user/ros2_ws/install/cart_pole_controller/share/cart_pole_controller/package.ps1'
[25.849s] INFO:colcon.colcon_core.shell:Creating package descriptor '/home/user/ros2_ws/install/cart_pole_controller/share/cart_pole_controller/package.dsv'
[25.852s] INFO:colcon.colcon_core.shell:Creating package script '/home/user/ros2_ws/install/cart_pole_controller/share/cart_pole_controller/package.sh'
[25.855s] INFO:colcon.colcon_core.shell:Creating package script '/home/user/ros2_ws/install/cart_pole_controller/share/cart_pole_controller/package.bash'
[25.856s] INFO:colcon.colcon_core.shell:Creating package script '/home/user/ros2_ws/install/cart_pole_controller/share/cart_pole_controller/package.zsh'
[25.858s] Level 1:colcon.colcon_core.environment:create_file_with_runtime_dependencies(/home/user/ros2_ws/install/cart_pole_controller/share/colcon-core/packages/cart_pole_controller)
[25.859s] DEBUG:colcon.colcon_parallel_executor.executor.parallel:closing loop
[25.861s] DEBUG:colcon.colcon_parallel_executor.executor.parallel:loop closed
[25.861s] DEBUG:colcon.colcon_parallel_executor.executor.parallel:run_until_complete finished with '0'
[25.861s] DEBUG:colcon.colcon_core.event_reactor:joining thread
[25.890s] INFO:colcon.colcon_core.plugin_system:Skipping extension 'colcon_notification.desktop_notification.terminal_notifier': Not used on non-Darwin systems
[25.890s] INFO:colcon.colcon_core.plugin_system:Skipping extension 'colcon_notification.desktop_notification.win32': Not used on non-Windows systems
[25.891s] INFO:colcon.colcon_notification.desktop_notification:Sending desktop notification using 'notify2'
[25.940s] DEBUG:colcon.colcon_core.event_reactor:joined thread
[25.941s] INFO:colcon.colcon_core.shell:Creating prefix script '/home/user/ros2_ws/install/local_setup.ps1'
[25.945s] INFO:colcon.colcon_core.shell:Creating prefix util module '/home/user/ros2_ws/install/_local_setup_util_ps1.py'
[25.953s] INFO:colcon.colcon_core.shell:Creating prefix chain script '/home/user/ros2_ws/install/setup.ps1'
[25.960s] INFO:colcon.colcon_core.shell:Creating prefix script '/home/user/ros2_ws/install/local_setup.sh'
[25.963s] INFO:colcon.colcon_core.shell:Creating prefix util module '/home/user/ros2_ws/install/_local_setup_util_sh.py'
[25.965s] INFO:colcon.colcon_core.shell:Creating prefix chain script '/home/user/ros2_ws/install/setup.sh'
[25.971s] INFO:colcon.colcon_core.shell:Creating prefix script '/home/user/ros2_ws/install/local_setup.bash'
[25.974s] INFO:colcon.colcon_core.shell:Creating prefix chain script '/home/user/ros2_ws/install/setup.bash'
[25.979s] INFO:colcon.colcon_core.shell:Creating prefix script '/home/user/ros2_ws/install/local_setup.zsh'
[25.983s] INFO:colcon.colcon_core.shell:Creating prefix chain script '/home/user/ros2_ws/install/setup.zsh'
