[0.025s] Invoking command in '/home/user/ros2_ws/build/cart_pole_controller': CMAKE_PREFIX_PATH=${CMAKE_PREFIX_PATH}:/home/user/ros2_ws/install/gazebo_polecart_ros:/opt/ros/humble /usr/bin/cmake --build /home/user/ros2_ws/build/cart_pole_controller -- -j4 -l4
[0.197s] [ 50%] [32mBuilding CXX object CMakeFiles/controller.dir/src/controller.cpp.o[0m
[24.400s] [100%] [32m[1mLinking CXX executable controller[0m
[25.672s] [100%] Built target controller
[25.704s] Invoked command in '/home/user/ros2_ws/build/cart_pole_controller' returned '0': CMAKE_PREFIX_PATH=${CMAKE_PREFIX_PATH}:/home/user/ros2_ws/install/gazebo_polecart_ros:/opt/ros/humble /usr/bin/cmake --build /home/user/ros2_ws/build/cart_pole_controller -- -j4 -l4
[25.812s] Invoking command in '/home/user/ros2_ws/build/cart_pole_controller': CMAKE_PREFIX_PATH=${CMAKE_PREFIX_PATH}:/home/user/ros2_ws/install/gazebo_polecart_ros:/opt/ros/humble /usr/bin/cmake --install /home/user/ros2_ws/build/cart_pole_controller
[25.833s] -- Install configuration: ""
[25.833s] -- Installing: /home/user/ros2_ws/install/cart_pole_controller/lib/cart_pole_controller/controller
[25.844s] -- Set runtime path of "/home/user/ros2_ws/install/cart_pole_controller/lib/cart_pole_controller/controller" to ""
[25.845s] -- Up-to-date: /home/user/ros2_ws/install/cart_pole_controller/share/ament_index/resource_index/package_run_dependencies/cart_pole_controller
[25.846s] -- Up-to-date: /home/user/ros2_ws/install/cart_pole_controller/share/ament_index/resource_index/parent_prefix_path/cart_pole_controller
[25.846s] -- Up-to-date: /home/user/ros2_ws/install/cart_pole_controller/share/cart_pole_controller/environment/ament_prefix_path.sh
[25.847s] -- Up-to-date: /home/user/ros2_ws/install/cart_pole_controller/share/cart_pole_controller/environment/ament_prefix_path.dsv
[25.847s] -- Up-to-date: /home/user/ros2_ws/install/cart_pole_controller/share/cart_pole_controller/environment/path.sh
[25.847s] -- Up-to-date: /home/user/ros2_ws/install/cart_pole_controller/share/cart_pole_controller/environment/path.dsv
[25.848s] -- Up-to-date: /home/user/ros2_ws/install/cart_pole_controller/share/cart_pole_controller/local_setup.bash
[25.848s] -- Up-to-date: /home/user/ros2_ws/install/cart_pole_controller/share/cart_pole_controller/local_setup.sh
[25.848s] -- Up-to-date: /home/user/ros2_ws/install/cart_pole_controller/share/cart_pole_controller/local_setup.zsh
[25.849s] -- Up-to-date: /home/user/ros2_ws/install/cart_pole_controller/share/cart_pole_controller/local_setup.dsv
[25.849s] -- Installing: /home/user/ros2_ws/install/cart_pole_controller/share/cart_pole_controller/package.dsv
[25.849s] -- Up-to-date: /home/user/ros2_ws/install/cart_pole_controller/share/ament_index/resource_index/packages/cart_pole_controller
[25.850s] -- Up-to-date: /home/user/ros2_ws/install/cart_pole_controller/share/cart_pole_controller/cmake/cart_pole_controllerConfig.cmake
[25.850s] -- Up-to-date: /home/user/ros2_ws/install/cart_pole_controller/share/cart_pole_controller/cmake/cart_pole_controllerConfig-version.cmake
[25.850s] -- Up-to-date: /home/user/ros2_ws/install/cart_pole_controller/share/cart_pole_controller/package.xml
[25.856s] Invoked command in '/home/user/ros2_ws/build/cart_pole_controller' returned '0': CMAKE_PREFIX_PATH=${CMAKE_PREFIX_PATH}:/home/user/ros2_ws/install/gazebo_polecart_ros:/opt/ros/humble /usr/bin/cmake --install /home/user/ros2_ws/build/cart_pole_controller
